<?xml version="1.0" encoding="UTF-8"?>
<!-- Generated by org.testng.reporters.JUnitReportReporter -->
<testsuite hostname="nblap357" failures="0" tests="1" name="SeleniumPractice.ObjectrepositorywithXMLfile" time="24.867" errors="0" timestamp="2023-07-02T16:54:13 IST" skipped="0">
  <testcase classname="SeleniumPractice.ObjectrepositorywithXMLfile" name="UsingXMLfile" time="24.867"/>
  <system-out/>
</testsuite> <!-- SeleniumPractice.ObjectrepositorywithXMLfile -->
