<?xml version="1.0" encoding="UTF-8"?>
<!-- Generated by org.testng.reporters.JUnitReportReporter -->
<testsuite hostname="nblap357" failures="0" tests="1" name="SeleniumPractice.Propertyclass" time="26.076" errors="0" timestamp="2023-07-02T16:52:31 IST" skipped="0">
  <testcase classname="SeleniumPractice.Propertyclass" name="UsingPropertyFile" time="26.076"/>
  <system-out/>
</testsuite> <!-- SeleniumPractice.Propertyclass -->
